<?xml version="1.0" encoding="UTF-8"?>
<testng-results ignored="0" total="1" passed="1" failed="0" skipped="0">
  <reporter-output>
  </reporter-output>
  <suite started-at="2022-09-08T15:46:19Z" name="Surefire suite" finished-at="2022-09-08T15:46:19Z" duration-ms="47">
    <groups>
    </groups>
    <test started-at="2022-09-08T15:46:19Z" name="Surefire test" finished-at="2022-09-08T15:46:19Z" duration-ms="47">
      <class name="TestNgpractice.TestNgpractice.AppTest">
        <test-method signature="shouldAnswerWithTrue()" started-at="2022-09-08T21:16:19Z" name="shouldAnswerWithTrue" finished-at="2022-09-08T21:16:19Z" duration-ms="7" status="PASS">
          <reporter-output>
          </reporter-output>
        </test-method> <!-- shouldAnswerWithTrue -->
      </class> <!-- TestNgpractice.TestNgpractice.AppTest -->
    </test> <!-- Surefire test -->
  </suite> <!-- Surefire suite -->
</testng-results>
