<?xml version="1.0" encoding="UTF-8"?>
<testng-results ignored="0" total="1" passed="1" failed="0" skipped="0">
  <reporter-output>
  </reporter-output>
  <suite started-at="2022-09-08T15:57:11Z" name="Default suite" finished-at="2022-09-08T15:57:11Z" duration-ms="36">
    <groups>
    </groups>
    <test started-at="2022-09-08T15:57:11Z" name="Default test" finished-at="2022-09-08T15:57:11Z" duration-ms="36">
      <class name="TestNgpractice.TestNgpractice.NewTest">
        <test-method is-config="true" signature="beforeSuite()[pri:0, instance:TestNgpractice.TestNgpractice.NewTest@1a72a540]" started-at="2022-09-08T21:27:11Z" name="beforeSuite" finished-at="2022-09-08T21:27:11Z" duration-ms="12" status="PASS">
          <reporter-output>
          </reporter-output>
        </test-method> <!-- beforeSuite -->
        <test-method is-config="true" signature="beforeTest()[pri:0, instance:TestNgpractice.TestNgpractice.NewTest@1a72a540]" started-at="2022-09-08T21:27:11Z" name="beforeTest" finished-at="2022-09-08T21:27:11Z" duration-ms="2" status="PASS">
          <reporter-output>
          </reporter-output>
        </test-method> <!-- beforeTest -->
        <test-method is-config="true" signature="beforeClass()[pri:0, instance:TestNgpractice.TestNgpractice.NewTest@1a72a540]" started-at="2022-09-08T21:27:11Z" name="beforeClass" finished-at="2022-09-08T21:27:11Z" duration-ms="0" status="PASS">
          <reporter-output>
          </reporter-output>
        </test-method> <!-- beforeClass -->
        <test-method is-config="true" signature="beforeMethod()[pri:0, instance:TestNgpractice.TestNgpractice.NewTest@1a72a540]" started-at="2022-09-08T21:27:11Z" name="beforeMethod" finished-at="2022-09-08T21:27:11Z" duration-ms="1" status="PASS">
          <reporter-output>
          </reporter-output>
        </test-method> <!-- beforeMethod -->
        <test-method signature="TestA()[pri:0, instance:TestNgpractice.TestNgpractice.NewTest@1a72a540]" started-at="2022-09-08T21:27:11Z" name="TestA" finished-at="2022-09-08T21:27:11Z" duration-ms="6" status="PASS">
          <reporter-output>
          </reporter-output>
        </test-method> <!-- TestA -->
        <test-method is-config="true" signature="afterMethod()[pri:0, instance:TestNgpractice.TestNgpractice.NewTest@1a72a540]" started-at="2022-09-08T21:27:11Z" name="afterMethod" finished-at="2022-09-08T21:27:11Z" duration-ms="1" status="PASS">
          <reporter-output>
          </reporter-output>
        </test-method> <!-- afterMethod -->
        <test-method is-config="true" signature="afterClass()[pri:0, instance:TestNgpractice.TestNgpractice.NewTest@1a72a540]" started-at="2022-09-08T21:27:11Z" name="afterClass" finished-at="2022-09-08T21:27:11Z" duration-ms="1" status="PASS">
          <reporter-output>
          </reporter-output>
        </test-method> <!-- afterClass -->
        <test-method is-config="true" signature="afterTest()[pri:0, instance:TestNgpractice.TestNgpractice.NewTest@1a72a540]" started-at="2022-09-08T21:27:11Z" name="afterTest" finished-at="2022-09-08T21:27:11Z" duration-ms="0" status="PASS">
          <reporter-output>
          </reporter-output>
        </test-method> <!-- afterTest -->
        <test-method is-config="true" signature="afterSuite()[pri:0, instance:TestNgpractice.TestNgpractice.NewTest@1a72a540]" started-at="2022-09-08T21:27:11Z" name="afterSuite" finished-at="2022-09-08T21:27:11Z" duration-ms="0" status="PASS">
          <reporter-output>
          </reporter-output>
        </test-method> <!-- afterSuite -->
      </class> <!-- TestNgpractice.TestNgpractice.NewTest -->
    </test> <!-- Default test -->
  </suite> <!-- Default suite -->
</testng-results>
